[ 2025-12-28 19:45:27,021 ] 148 numexpr.utils - INFO - Note: NumExpr detected 16 cores but "NUMEXPR_MAX_THREADS" not set, so enforcing safe limit of 8.
[ 2025-12-28 19:45:27,021 ] 160 numexpr.utils - INFO - NumExpr defaulting to 8 threads.
[ 2025-12-28 19:46:29,770 ] 42 root - INFO - Start data Ingestion
[ 2025-12-28 19:46:40,277 ] 65 root - INFO - Performed train test split on the dataframe
[ 2025-12-28 19:46:40,277 ] 67 root - INFO - Exited split_data_as_train_test method of Data Ingestion class
[ 2025-12-28 19:46:40,464 ] 76 root - INFO - Exported train and test file path
[ 2025-12-28 19:46:40,466 ] 45 root - INFO - Data Ingestion completed and artifact: DataIngestionArtifact(train_file_path='Artifacts\\12_28_2025_19_45_27\\data_ingestion\\ingested\\train.csv', test_file_path='Artifacts\\12_28_2025_19_45_27\\data_ingestion\\ingested\\test.csv')
[ 2025-12-28 19:46:40,513 ] 55 root - INFO - Initiate the data Validation
[ 2025-12-28 19:46:40,711 ] 33 root - INFO - Required number of columns:2
[ 2025-12-28 19:46:40,711 ] 34 root - INFO - Data frame has columns:31
[ 2025-12-28 19:46:40,711 ] 33 root - INFO - Required number of columns:2
[ 2025-12-28 19:46:40,711 ] 34 root - INFO - Data frame has columns:31
[ 2025-12-28 19:46:41,664 ] 63 root - INFO - Entered initiate_data_transformation method of DataTransformation class
[ 2025-12-28 19:46:41,664 ] 65 root - INFO - Starting data transformation
[ 2025-12-28 19:46:41,760 ] 48 root - INFO - Entered get_data_trnasformer_object method of Trnasformation class
[ 2025-12-28 19:46:41,760 ] 53 root - INFO - Initialise KNNImputer with {'missing_values': nan, 'n_neighbors': 3, 'weights': 'uniform'}
[ 2025-12-28 19:46:41,801 ] 46 root - INFO - Entered the save_object method of MainUtils class
[ 2025-12-28 19:46:41,811 ] 50 root - INFO - Exited the save_object method of MainUtils class
[ 2025-12-28 19:46:41,811 ] 46 root - INFO - Entered the save_object method of MainUtils class
[ 2025-12-28 19:46:41,819 ] 50 root - INFO - Exited the save_object method of MainUtils class
[ 2025-12-28 19:55:15,915 ] 46 root - INFO - Entered the save_object method of MainUtils class
[ 2025-12-28 19:55:15,918 ] 50 root - INFO - Exited the save_object method of MainUtils class
[ 2025-12-28 19:55:15,918 ] 46 root - INFO - Entered the save_object method of MainUtils class
[ 2025-12-28 19:55:15,949 ] 50 root - INFO - Exited the save_object method of MainUtils class
[ 2025-12-28 19:55:15,949 ] 151 root - INFO - Model trainer artifact: ModelTrainerArtifact(trained_model_file_path='Artifacts\\12_28_2025_19_45_27\\model_trainer\\trained_model\\model.pkl', train_metric_artifact=ClassificationMetricArtifact(f1_score=0.9914495114006515, precision_score=0.9894351889475823, recall_score=0.9934720522235823), test_metric_artifact=ClassificationMetricArtifact(f1_score=0.9710661910424099, precision_score=0.9660883280757098, recall_score=0.9760956175298805))
